Build started 10/9/2012 3:55:51 AM.
     1>Project "C:\Users\Boxxi\Documents\Visual Studio 2010\Projects\D3D\PIMZ\BASE\CaBase\CaBase.vcxproj" on node 2 (build target(s)).
     1>InitializeBuildStatus:
         Creating "Release\Flengo Base.unsuccessfulbuild" because "AlwaysCreate" was specified.
       ClCompile:
         c:\Program Files (x86)\Microsoft Visual Studio 10.0\VC\bin\CL.exe /c /I"C:\Program Files (x86)\Microsoft DirectX SDK (June 2010)\Include" /Zi /nologo /W3 /WX- /O2 /Oi /Oy- /GL /D WIN32 /D NDEBUG /D _WINDOWS /D _USRDLL /D CABASE_EXPORTS /D _WINDLL /D _MBCS /Gm- /EHsc /MD /GS /Gy /fp:precise /Zc:wchar_t /Zc:forScope /Fo"Release\\" /Fd"Release\vc100.pdb" /Gd /TP /analyze- /errorReport:prompt ADE32.cpp Base.cpp CDetour.cpp DirectX.cpp HackFont.cpp HackSprite.cpp Menu.cpp
         ADE32.cpp
         Base.cpp
         CDetour.cpp
         DirectX.cpp
         HackFont.cpp
         HackSprite.cpp
         Menu.cpp
       Link:
         c:\Program Files (x86)\Microsoft Visual Studio 10.0\VC\bin\link.exe /ERRORREPORT:PROMPT /OUT:"C:\Users\Boxxi\Documents\Visual Studio 2010\Projects\D3D\PIMZ\BASE\Release\Flengo Base.dll" /INCREMENTAL:NO /NOLOGO kernel32.lib user32.lib gdi32.lib winspool.lib comdlg32.lib advapi32.lib shell32.lib ole32.lib oleaut32.lib uuid.lib odbc32.lib odbccp32.lib /MANIFEST /ManifestFile:"Release\Flengo Base.dll.intermediate.manifest" /MANIFESTUAC:"level='asInvoker' uiAccess='false'" /DEBUG /PDB:"C:\Users\Boxxi\Documents\Visual Studio 2010\Projects\D3D\PIMZ\BASE\Release\Flengo Base.pdb" /SUBSYSTEM:WINDOWS /OPT:REF /OPT:ICF /LTCG /TLBID:1 /DYNAMICBASE /NXCOMPAT /IMPLIB:"C:\Users\Boxxi\Documents\Visual Studio 2010\Projects\D3D\PIMZ\BASE\Release\Flengo Base.lib" /MACHINE:X86 /DLL Release\ADE32.obj
         Release\Base.obj
         Release\CDetour.obj
         Release\DirectX.obj
         Release\HackFont.obj
         Release\HackSprite.obj
         Release\Menu.obj
         Generating code
         Finished generating code
         CaBase.vcxproj -> C:\Users\Boxxi\Documents\Visual Studio 2010\Projects\D3D\PIMZ\BASE\Release\Flengo Base.dll
       Manifest:
         C:\Program Files (x86)\Microsoft SDKs\Windows\v7.0A\bin\mt.exe /nologo /verbose /outputresource:"C:\Users\Boxxi\Documents\Visual Studio 2010\Projects\D3D\PIMZ\BASE\Release\Flengo Base.dll;#2" /manifest "Release\Flengo Base.dll.intermediate.manifest"
       FinalizeBuildStatus:
         Deleting file "Release\Flengo Base.unsuccessfulbuild".
         Touching "Release\Flengo Base.lastbuildstate".
     1>Done Building Project "C:\Users\Boxxi\Documents\Visual Studio 2010\Projects\D3D\PIMZ\BASE\CaBase\CaBase.vcxproj" (build target(s)).

Build succeeded.

Time Elapsed 00:00:07.33
