Build started 3/20/2012 5:11:28 PM.
     1>Project "C:\Users\Dave\Documents\Visual Studio 2010\Projects\PIMZ\BASE\CaBase\CaBase.vcxproj" on node 2 (build target(s)).
     1>InitializeBuildStatus:
         Touching "Debug\Flengo Base.unsuccessfulbuild".
       ClCompile:
         c:\Program Files (x86)\Microsoft Visual Studio 10.0\VC\bin\CL.exe /c /ZI /nologo /W3 /WX- /Od /Oy- /D WIN32 /D _DEBUG /D _WINDOWS /D _USRDLL /D CABASE_EXPORTS /D _WINDLL /D _UNICODE /D UNICODE /Gm /EHsc /RTC1 /MDd /GS /fp:precise /Zc:wchar_t /Zc:forScope /Fo"Debug\\" /Fd"Debug\vc100.pdb" /Gd /TP /analyze- /errorReport:prompt DirectX.cpp
         DirectX.cpp
       ManifestResourceCompile:
         C:\Program Files (x86)\Microsoft SDKs\Windows\v7.0A\bin\rc.exe /nologo /fo"Debug\Flengo Base.dll.embed.manifest.res" "Debug\Flengo Base_manifest.rc" 
       Link:
         c:\Program Files (x86)\Microsoft Visual Studio 10.0\VC\bin\link.exe /ERRORREPORT:PROMPT /OUT:"C:\Users\Dave\Documents\Visual Studio 2010\Projects\PIMZ\BASE\Debug\Flengo Base.dll" /INCREMENTAL /NOLOGO kernel32.lib user32.lib gdi32.lib winspool.lib comdlg32.lib advapi32.lib shell32.lib ole32.lib oleaut32.lib uuid.lib odbc32.lib odbccp32.lib /MANIFEST /ManifestFile:"Debug\Flengo Base.dll.intermediate.manifest" /MANIFESTUAC:"level='asInvoker' uiAccess='false'" /DEBUG /PDB:"C:\Users\Dave\Documents\Visual Studio 2010\Projects\PIMZ\BASE\Debug\Flengo Base.pdb" /SUBSYSTEM:WINDOWS /TLBID:1 /DYNAMICBASE /NXCOMPAT /IMPLIB:"C:\Users\Dave\Documents\Visual Studio 2010\Projects\PIMZ\BASE\Debug\Flengo Base.lib" /MACHINE:X86 /DLL "Debug\Flengo Base.dll.embed.manifest.res"
         Debug\ADE32.obj
         Debug\Base.obj
         Debug\CDetour.obj
         Debug\DirectX.obj
         Debug\HackFont.obj
         Debug\HackSprite.obj
         Debug\Menu.obj
     1>LINK : fatal error LNK1104: cannot open file 'd3dx9.lib'
     1>Done Building Project "C:\Users\Dave\Documents\Visual Studio 2010\Projects\PIMZ\BASE\CaBase\CaBase.vcxproj" (build target(s)) -- FAILED.

Build FAILED.

Time Elapsed 00:00:02.86
